<?xml version="1.0" encoding="UTF-8"?>
<!-- Generated by org.testng.reporters.JUnitReportReporter -->
<testsuite skipped="0" hostname="DESKTOP-MCNIVSJ" name="JenkinInti.jenkinpro.MySchool" tests="1" failures="0" timestamp="10 Aug 2019 18:40:06 GMT" time="0.015" errors="0">
  <testcase name="test" time="0.015" classname="JenkinInti.jenkinpro.MySchool"/>
</testsuite> <!-- JenkinInti.jenkinpro.MySchool -->
